<?xml version="1.0" encoding="UTF-8"?>
<testsuite xmlns:xsi="http://www.w3.org/2001/XMLSchema-instance" xsi:noNamespaceSchemaLocation="https://maven.apache.org/surefire/maven-surefire-plugin/xsd/surefire-test-report.xsd" name="org.mich.junit5app.ejemplos.models.CuentaTest" time="12.233" tests="67" errors="0" skipped="9" failures="11">
  <properties>
[...]
</properties>
  <testcase name="testNombreCuentaIDTestInfoTestReporter{TestInfo, TestReporter}" classname="org.mich.junit5app.ejemplos.models.CuentaTest" time="0.023"/>
  <testcase name="pruebaTimeout2" classname="org.mich.junit5app.ejemplos.models.CuentaTest$EjemploTimeoutTest" time="4.018"/>
  <testcase name="testTimeoutAssertions" classname="org.mich.junit5app.ejemplos.models.CuentaTest$EjemploTimeoutTest" time="4.017"/>
  <testcase name="pruebaTimeout" classname="org.mich.junit5app.ejemplos.models.CuentaTest$EjemploTimeoutTest" time="4.011"/>
  <testcase name="org.mich.junit5app.ejemplos.models.CuentaTest$PruebasParametrizadasTestTag" classname="org.mich.junit5app.ejemplos.models.CuentaTest$PruebasParametrizadasTestTag" time="0">
    <skipped message="class org.mich.junit5app.ejemplos.models.CuentaTest$PruebasParametrizadasTestTag is @Disabled"/>
  </testcase>
  <testcase name="testDebitoCuentaParametrizadoStringsCSVFile2{String, String, String, String}[1]" classname="org.mich.junit5app.ejemplos.models.CuentaTest$PruebasParametrizadasTest" time="0.017">
    <failure message="expected: &lt;John&gt; but was: &lt;Andres&gt;" type="org.opentest4j.AssertionFailedError"><![CDATA[org.opentest4j.AssertionFailedError: expected: <John> but was: <Andres>
	at org.mich.junit5app.ejemplos.models.CuentaTest$PruebasParametrizadasTest.testDebitoCuentaParametrizadoStringsCSVFile2(CuentaTest.java:405)
]]></failure>
    <system-out><![CDATA[Iniciando el método de prueba.. - BeforeEach
200 -> 100
Finalizando el método de prueba... - AfterEach
]]></system-out>
  </testcase>
  <testcase name="testDebitoCuentaParametrizadoStringsCSVFile2{String, String, String, String}[2]" classname="org.mich.junit5app.ejemplos.models.CuentaTest$PruebasParametrizadasTest" time="0.001"/>
  <testcase name="testDebitoCuentaParametrizadoStringsCSVFile2{String, String, String, String}[3]" classname="org.mich.junit5app.ejemplos.models.CuentaTest$PruebasParametrizadasTest" time="0.002">
    <failure message="expected: &lt;maria&gt; but was: &lt;Maria&gt;" type="org.opentest4j.AssertionFailedError"><![CDATA[org.opentest4j.AssertionFailedError: expected: <maria> but was: <Maria>
	at org.mich.junit5app.ejemplos.models.CuentaTest$PruebasParametrizadasTest.testDebitoCuentaParametrizadoStringsCSVFile2(CuentaTest.java:405)
]]></failure>
    <system-out><![CDATA[Iniciando el método de prueba.. - BeforeEach
300 -> 300
Finalizando el método de prueba... - AfterEach
]]></system-out>
  </testcase>
  <testcase name="testDebitoCuentaParametrizadoStringsCSVFile2{String, String, String, String}[4]" classname="org.mich.junit5app.ejemplos.models.CuentaTest$PruebasParametrizadasTest" time="0.001"/>
  <testcase name="testDebitoCuentaParametrizadoStringsCSVFile2{String, String, String, String}[5]" classname="org.mich.junit5app.ejemplos.models.CuentaTest$PruebasParametrizadasTest" time="0.001">
    <failure message="expected: &lt;Lucas&gt; but was: &lt;Luca&gt;" type="org.opentest4j.AssertionFailedError"><![CDATA[org.opentest4j.AssertionFailedError: expected: <Lucas> but was: <Luca>
	at org.mich.junit5app.ejemplos.models.CuentaTest$PruebasParametrizadasTest.testDebitoCuentaParametrizadoStringsCSVFile2(CuentaTest.java:405)
]]></failure>
    <system-out><![CDATA[Iniciando el método de prueba.. - BeforeEach
750 -> 700
Finalizando el método de prueba... - AfterEach
]]></system-out>
  </testcase>
  <testcase name="testDebitoCuentaParametrizadoStringsCSVFile2{String, String, String, String}[6]" classname="org.mich.junit5app.ejemplos.models.CuentaTest$PruebasParametrizadasTest" time="0">
    <failure message="expected: &lt;true&gt; but was: &lt;false&gt;" type="org.opentest4j.AssertionFailedError"><![CDATA[org.opentest4j.AssertionFailedError: expected: <true> but was: <false>
	at org.mich.junit5app.ejemplos.models.CuentaTest$PruebasParametrizadasTest.testDebitoCuentaParametrizadoStringsCSVFile2(CuentaTest.java:406)
]]></failure>
    <system-out><![CDATA[Iniciando el método de prueba.. - BeforeEach
1000.12345 -> 1000.12345
Finalizando el método de prueba... - AfterEach
]]></system-out>
  </testcase>
  <testcase name="testDebitoCuentaParametrizadoStringsCSVFile{String}[1]" classname="org.mich.junit5app.ejemplos.models.CuentaTest$PruebasParametrizadasTest" time="0.001"/>
  <testcase name="testDebitoCuentaParametrizadoStringsCSVFile{String}[2]" classname="org.mich.junit5app.ejemplos.models.CuentaTest$PruebasParametrizadasTest" time="0"/>
  <testcase name="testDebitoCuentaParametrizadoStringsCSVFile{String}[3]" classname="org.mich.junit5app.ejemplos.models.CuentaTest$PruebasParametrizadasTest" time="0.001"/>
  <testcase name="testDebitoCuentaParametrizadoStringsCSVFile{String}[4]" classname="org.mich.junit5app.ejemplos.models.CuentaTest$PruebasParametrizadasTest" time="0.001"/>
  <testcase name="testDebitoCuentaParametrizadoStringsCSVFile{String}[5]" classname="org.mich.junit5app.ejemplos.models.CuentaTest$PruebasParametrizadasTest" time="0"/>
  <testcase name="testDebitoCuentaParametrizadoStringsCSVFile{String}[6]" classname="org.mich.junit5app.ejemplos.models.CuentaTest$PruebasParametrizadasTest" time="0.001"/>
  <testcase name="testDebitoCuentaParametrizadoStringsCSVFile{String}[7]" classname="org.mich.junit5app.ejemplos.models.CuentaTest$PruebasParametrizadasTest" time="0">
    <failure message="expected: &lt;true&gt; but was: &lt;false&gt;" type="org.opentest4j.AssertionFailedError"><![CDATA[org.opentest4j.AssertionFailedError: expected: <true> but was: <false>
	at org.mich.junit5app.ejemplos.models.CuentaTest$PruebasParametrizadasTest.testDebitoCuentaParametrizadoStringsCSVFile(CuentaTest.java:361)
]]></failure>
    <system-out><![CDATA[Iniciando el método de prueba.. - BeforeEach
Finalizando el método de prueba... - AfterEach
]]></system-out>
  </testcase>
  <testcase name="testDebitoCuentaParametrizadoInt{double}[1]" classname="org.mich.junit5app.ejemplos.models.CuentaTest$PruebasParametrizadasTest" time="0.001"/>
  <testcase name="testDebitoCuentaParametrizadoInt{double}[2]" classname="org.mich.junit5app.ejemplos.models.CuentaTest$PruebasParametrizadasTest" time="0.001"/>
  <testcase name="testDebitoCuentaParametrizadoInt{double}[3]" classname="org.mich.junit5app.ejemplos.models.CuentaTest$PruebasParametrizadasTest" time="0.001"/>
  <testcase name="testDebitoCuentaParametrizadoInt{double}[4]" classname="org.mich.junit5app.ejemplos.models.CuentaTest$PruebasParametrizadasTest" time="0.001"/>
  <testcase name="testDebitoCuentaParametrizadoInt{double}[5]" classname="org.mich.junit5app.ejemplos.models.CuentaTest$PruebasParametrizadasTest" time="0.001"/>
  <testcase name="testDebitoCuentaParametrizadoStringsCSV2{String, String, String, String}[1]" classname="org.mich.junit5app.ejemplos.models.CuentaTest$PruebasParametrizadasTest" time="0.001">
    <failure message="expected: &lt;John&gt; but was: &lt;Andres&gt;" type="org.opentest4j.AssertionFailedError"><![CDATA[org.opentest4j.AssertionFailedError: expected: <John> but was: <Andres>
	at org.mich.junit5app.ejemplos.models.CuentaTest$PruebasParametrizadasTest.testDebitoCuentaParametrizadoStringsCSV2(CuentaTest.java:388)
]]></failure>
    <system-out><![CDATA[Iniciando el método de prueba.. - BeforeEach
200 -> 100
Finalizando el método de prueba... - AfterEach
]]></system-out>
  </testcase>
  <testcase name="testDebitoCuentaParametrizadoStringsCSV2{String, String, String, String}[2]" classname="org.mich.junit5app.ejemplos.models.CuentaTest$PruebasParametrizadasTest" time="0.001"/>
  <testcase name="testDebitoCuentaParametrizadoStringsCSV2{String, String, String, String}[3]" classname="org.mich.junit5app.ejemplos.models.CuentaTest$PruebasParametrizadasTest" time="0.001">
    <failure message="expected: &lt;maria&gt; but was: &lt;Maria&gt;" type="org.opentest4j.AssertionFailedError"><![CDATA[org.opentest4j.AssertionFailedError: expected: <maria> but was: <Maria>
	at org.mich.junit5app.ejemplos.models.CuentaTest$PruebasParametrizadasTest.testDebitoCuentaParametrizadoStringsCSV2(CuentaTest.java:388)
]]></failure>
    <system-out><![CDATA[Iniciando el método de prueba.. - BeforeEach
300 -> 300
Finalizando el método de prueba... - AfterEach
]]></system-out>
  </testcase>
  <testcase name="testDebitoCuentaParametrizadoStringsCSV2{String, String, String, String}[4]" classname="org.mich.junit5app.ejemplos.models.CuentaTest$PruebasParametrizadasTest" time="0.001"/>
  <testcase name="testDebitoCuentaParametrizadoStringsCSV2{String, String, String, String}[5]" classname="org.mich.junit5app.ejemplos.models.CuentaTest$PruebasParametrizadasTest" time="0.001">
    <failure message="expected: &lt;Lucas&gt; but was: &lt;Luca&gt;" type="org.opentest4j.AssertionFailedError"><![CDATA[org.opentest4j.AssertionFailedError: expected: <Lucas> but was: <Luca>
	at org.mich.junit5app.ejemplos.models.CuentaTest$PruebasParametrizadasTest.testDebitoCuentaParametrizadoStringsCSV2(CuentaTest.java:388)
]]></failure>
    <system-out><![CDATA[Iniciando el método de prueba.. - BeforeEach
750 -> 700
Finalizando el método de prueba... - AfterEach
]]></system-out>
  </testcase>
  <testcase name="testDebitoCuentaParametrizadoStringsCSV2{String, String, String, String}[6]" classname="org.mich.junit5app.ejemplos.models.CuentaTest$PruebasParametrizadasTest" time="0.001">
    <failure message="expected: &lt;true&gt; but was: &lt;false&gt;" type="org.opentest4j.AssertionFailedError"><![CDATA[org.opentest4j.AssertionFailedError: expected: <true> but was: <false>
	at org.mich.junit5app.ejemplos.models.CuentaTest$PruebasParametrizadasTest.testDebitoCuentaParametrizadoStringsCSV2(CuentaTest.java:389)
]]></failure>
    <system-out><![CDATA[Iniciando el método de prueba.. - BeforeEach
1000.12345 -> 1000.12345
Finalizando el método de prueba... - AfterEach
]]></system-out>
  </testcase>
  <testcase name="testDebitoCuentaParametrizadoStringsCSV{String, String}[1]" classname="org.mich.junit5app.ejemplos.models.CuentaTest$PruebasParametrizadasTest" time="0.001"/>
  <testcase name="testDebitoCuentaParametrizadoStringsCSV{String, String}[2]" classname="org.mich.junit5app.ejemplos.models.CuentaTest$PruebasParametrizadasTest" time="0.001"/>
  <testcase name="testDebitoCuentaParametrizadoStringsCSV{String, String}[3]" classname="org.mich.junit5app.ejemplos.models.CuentaTest$PruebasParametrizadasTest" time="0"/>
  <testcase name="testDebitoCuentaParametrizadoStringsCSV{String, String}[4]" classname="org.mich.junit5app.ejemplos.models.CuentaTest$PruebasParametrizadasTest" time="0"/>
  <testcase name="testDebitoCuentaParametrizadoStringsCSV{String, String}[5]" classname="org.mich.junit5app.ejemplos.models.CuentaTest$PruebasParametrizadasTest" time="0">
    <failure message="expected: &lt;true&gt; but was: &lt;false&gt;" type="org.opentest4j.AssertionFailedError"><![CDATA[org.opentest4j.AssertionFailedError: expected: <true> but was: <false>
	at org.mich.junit5app.ejemplos.models.CuentaTest$PruebasParametrizadasTest.testDebitoCuentaParametrizadoStringsCSV(CuentaTest.java:351)
]]></failure>
    <system-out><![CDATA[Iniciando el método de prueba.. - BeforeEach
5 -> 1000.12345
Finalizando el método de prueba... - AfterEach
]]></system-out>
  </testcase>
  <testcase name="testDebitoCuentaParametrizadoStringsMethod{String}" classname="org.mich.junit5app.ejemplos.models.CuentaTest$PruebasParametrizadasTest" time="0">
    <skipped message="void org.mich.junit5app.ejemplos.models.CuentaTest$PruebasParametrizadasTest.testDebitoCuentaParametrizadoStringsMethod(java.lang.String) throws org.mich.junit5app.ejemplos.exceptions.DineroInsuficienteException is @Disabled"/>
  </testcase>
  <testcase name="testDebitoCuentaParametrizadoStrings{String}[1]" classname="org.mich.junit5app.ejemplos.models.CuentaTest$PruebasParametrizadasTest" time="0"/>
  <testcase name="testDebitoCuentaParametrizadoStrings{String}[2]" classname="org.mich.junit5app.ejemplos.models.CuentaTest$PruebasParametrizadasTest" time="0.001"/>
  <testcase name="testDebitoCuentaParametrizadoStrings{String}[3]" classname="org.mich.junit5app.ejemplos.models.CuentaTest$PruebasParametrizadasTest" time="0"/>
  <testcase name="testDebitoCuentaParametrizadoStrings{String}[4]" classname="org.mich.junit5app.ejemplos.models.CuentaTest$PruebasParametrizadasTest" time="0"/>
  <testcase name="testDebitoCuentaParametrizadoStrings{String}[5]" classname="org.mich.junit5app.ejemplos.models.CuentaTest$PruebasParametrizadasTest" time="0">
    <failure message="expected: &lt;true&gt; but was: &lt;false&gt;" type="org.opentest4j.AssertionFailedError"><![CDATA[org.opentest4j.AssertionFailedError: expected: <true> but was: <false>
	at org.mich.junit5app.ejemplos.models.CuentaTest$PruebasParametrizadasTest.testDebitoCuentaParametrizadoStrings(CuentaTest.java:330)
]]></failure>
    <system-out><![CDATA[Iniciando el método de prueba.. - BeforeEach
Finalizando el método de prueba... - AfterEach
]]></system-out>
  </testcase>
  <testcase name="testDebitoCuentaRepetir{RepetitionInfo}[1]" classname="org.mich.junit5app.ejemplos.models.CuentaTest$PruebasRepeatedTest" time="0.001"/>
  <testcase name="testDebitoCuentaRepetir{RepetitionInfo}[2]" classname="org.mich.junit5app.ejemplos.models.CuentaTest$PruebasRepeatedTest" time="0.001"/>
  <testcase name="testDebitoCuentaRepetir{RepetitionInfo}[3]" classname="org.mich.junit5app.ejemplos.models.CuentaTest$PruebasRepeatedTest" time="0.003"/>
  <testcase name="testDebitoCuentaRepetir{RepetitionInfo}[4]" classname="org.mich.junit5app.ejemplos.models.CuentaTest$PruebasRepeatedTest" time="0.001"/>
  <testcase name="testDebitoCuentaRepetir{RepetitionInfo}[5]" classname="org.mich.junit5app.ejemplos.models.CuentaTest$PruebasRepeatedTest" time="0"/>
  <testcase name="testEnv" classname="org.mich.junit5app.ejemplos.models.CuentaTest$VariableAmbienteTest" time="0">
    <skipped message="Environment variable [ENVIRONMENT] does not exist"/>
  </testcase>
  <testcase name="testNroProcesadores" classname="org.mich.junit5app.ejemplos.models.CuentaTest$VariableAmbienteTest" time="0.001"/>
  <testcase name="testJavaHome" classname="org.mich.junit5app.ejemplos.models.CuentaTest$VariableAmbienteTest" time="0.001"/>
  <testcase name="testEnvNoProd" classname="org.mich.junit5app.ejemplos.models.CuentaTest$VariableAmbienteTest" time="0"/>
  <testcase name="testSoloDesarrollo" classname="org.mich.junit5app.ejemplos.models.CuentaTest$VariableAmbienteTest" time="0">
    <skipped message="System property [ENV] does not exist"/>
  </testcase>
  <testcase name="imprimirVariablesAmbiente" classname="org.mich.junit5app.ejemplos.models.CuentaTest$VariableAmbienteTest" time="0.007"/>
  <testcase name="testSolo64bits" classname="org.mich.junit5app.ejemplos.models.CuentaTest$SystemPropertiesTest" time="0"/>
  <testcase name="testUsername" classname="org.mich.junit5app.ejemplos.models.CuentaTest$SystemPropertiesTest" time="0.001"/>
  <testcase name="testNo64bits" classname="org.mich.junit5app.ejemplos.models.CuentaTest$SystemPropertiesTest" time="0.001"/>
  <testcase name="testJavaVersion" classname="org.mich.junit5app.ejemplos.models.CuentaTest$SystemPropertiesTest" time="0"/>
  <testcase name="imprimirSystemProperties" classname="org.mich.junit5app.ejemplos.models.CuentaTest$SystemPropertiesTest" time="0.012"/>
  <testcase name="testSoloJDK8" classname="org.mich.junit5app.ejemplos.models.CuentaTest$JavaVersionTest" time="0">
    <skipped message="Disabled on JRE version: 14.0.2"/>
  </testcase>
  <testcase name="testSoloJDK14" classname="org.mich.junit5app.ejemplos.models.CuentaTest$JavaVersionTest" time="0.001"/>
  <testcase name="testNoJDK8" classname="org.mich.junit5app.ejemplos.models.CuentaTest$JavaVersionTest" time="0"/>
  <testcase name="testNoJDK14" classname="org.mich.junit5app.ejemplos.models.CuentaTest$JavaVersionTest" time="0">
    <skipped message="Disabled on JRE version: 14.0.2"/>
  </testcase>
  <testcase name="testNoWindows" classname="org.mich.junit5app.ejemplos.models.CuentaTest$SistemasOperativosTest" time="0">
    <skipped message="Disabled on operating system: Windows 10"/>
  </testcase>
  <testcase name="testSoloLinuxMac" classname="org.mich.junit5app.ejemplos.models.CuentaTest$SistemasOperativosTest" time="0">
    <skipped message="Disabled on operating system: Windows 10"/>
  </testcase>
  <testcase name="testSoloWindows" classname="org.mich.junit5app.ejemplos.models.CuentaTest$SistemasOperativosTest" time="0"/>
  <testcase name="testSaldoCuentaDev" classname="org.mich.junit5app.ejemplos.models.CuentaTest$OperacionesTest" time="0">
    <skipped message="Assumption failed: assumption is not true" type="org.opentest4j.TestAbortedException">org.opentest4j.TestAbortedException: Assumption failed: assumption is not true
	at org.mich.junit5app.ejemplos.models.CuentaTest$OperacionesTest.testSaldoCuentaDev(CuentaTest.java:127)
</skipped>
    <system-out><![CDATA[Iniciando el método de prueba.. - BeforeEach
Iniciando el método de prueba.. - BeforeEach
Ejecutando: Test Saldo Cuenta Dev - testSaldoCuentaDev con las etiquetas: [banco]
Finalizando el método de prueba... - AfterEach
Finalizando el método de prueba... - AfterEach
]]></system-out>
  </testcase>
  <testcase name="testSaldoCUenta" classname="org.mich.junit5app.ejemplos.models.CuentaTest$OperacionesTest" time="0.001"/>
  <testcase name="testSaldoCuentaDev2" classname="org.mich.junit5app.ejemplos.models.CuentaTest$OperacionesTest" time="0.001"/>
  <testcase name="testNombreCuenta" classname="org.mich.junit5app.ejemplos.models.CuentaTest$OperacionesTest" time="0.001"/>
</testsuite>