<?xml version="1.0" encoding="UTF-8"?>
<testsuite xmlns:xsi="http://www.w3.org/2001/XMLSchema-instance" xsi:noNamespaceSchemaLocation="https://maven.apache.org/surefire/maven-surefire-plugin/xsd/surefire-test-report.xsd" name="org.mich.junit5app.ejemplos.models.CuentaTest" time="12.233" tests="67" errors="0" skipped="9" failures="11">
  <properties>
    <property name="java.specification.version" value="14"/>
    <property name="sun.cpu.isalist" value="amd64"/>
    <property name="sun.jnu.encoding" value="Cp1252"/>
    <property name="java.class.path" value="C:\Users\luismichel.castillo\Documents\Cursos\JUnit\_Proyectos\Leccion21 - Maven Surfire plugin\01-JUnit5_app\target\test-classes;C:\Users\luismichel.castillo\Documents\Cursos\JUnit\_Proyectos\Leccion21 - Maven Surfire plugin\01-JUnit5_app\target\classes;C:\Users\luismichel.castillo\.m2\repository\org\junit\jupiter\junit-jupiter\5.8.2\junit-jupiter-5.8.2.jar;C:\Users\luismichel.castillo\.m2\repository\org\junit\jupiter\junit-jupiter-api\5.8.2\junit-jupiter-api-5.8.2.jar;C:\Users\luismichel.castillo\.m2\repository\org\opentest4j\opentest4j\1.2.0\opentest4j-1.2.0.jar;C:\Users\luismichel.castillo\.m2\repository\org\junit\platform\junit-platform-commons\1.8.2\junit-platform-commons-1.8.2.jar;C:\Users\luismichel.castillo\.m2\repository\org\apiguardian\apiguardian-api\1.1.2\apiguardian-api-1.1.2.jar;C:\Users\luismichel.castillo\.m2\repository\org\junit\jupiter\junit-jupiter-params\5.8.2\junit-jupiter-params-5.8.2.jar;C:\Users\luismichel.castillo\.m2\repository\org\junit\jupiter\junit-jupiter-engine\5.8.2\junit-jupiter-engine-5.8.2.jar;C:\Users\luismichel.castillo\.m2\repository\org\junit\platform\junit-platform-engine\1.8.2\junit-platform-engine-1.8.2.jar;"/>
    <property name="java.vm.vendor" value="Oracle Corporation"/>
    <property name="sun.arch.data.model" value="64"/>
    <property name="user.variant" value=""/>
    <property name="java.vendor.url" value="https://java.oracle.com/"/>
    <property name="user.country.format" value="AR"/>
    <property name="os.name" value="Windows 10"/>
    <property name="java.vm.specification.version" value="14"/>
    <property name="sun.java.launcher" value="SUN_STANDARD"/>
    <property name="user.country" value="US"/>
    <property name="sun.boot.library.path" value="C:\Program Files\Java\jdk-14.0.2\bin"/>
    <property name="sun.java.command" value="C:\Users\LUISMI~1.CAS\AppData\Local\Temp\surefire17920956863908058659\surefirebooter6567140716076732033.jar C:\Users\luismichel.castillo\AppData\Local\Temp\surefire17920956863908058659 2022-03-22T12-33-49_485-jvmRun1 surefire14136234627025069763tmp surefire_017678463807318378417tmp"/>
    <property name="jdk.debug" value="release"/>
    <property name="surefire.test.class.path" value="C:\Users\luismichel.castillo\Documents\Cursos\JUnit\_Proyectos\Leccion21 - Maven Surfire plugin\01-JUnit5_app\target\test-classes;C:\Users\luismichel.castillo\Documents\Cursos\JUnit\_Proyectos\Leccion21 - Maven Surfire plugin\01-JUnit5_app\target\classes;C:\Users\luismichel.castillo\.m2\repository\org\junit\jupiter\junit-jupiter\5.8.2\junit-jupiter-5.8.2.jar;C:\Users\luismichel.castillo\.m2\repository\org\junit\jupiter\junit-jupiter-api\5.8.2\junit-jupiter-api-5.8.2.jar;C:\Users\luismichel.castillo\.m2\repository\org\opentest4j\opentest4j\1.2.0\opentest4j-1.2.0.jar;C:\Users\luismichel.castillo\.m2\repository\org\junit\platform\junit-platform-commons\1.8.2\junit-platform-commons-1.8.2.jar;C:\Users\luismichel.castillo\.m2\repository\org\apiguardian\apiguardian-api\1.1.2\apiguardian-api-1.1.2.jar;C:\Users\luismichel.castillo\.m2\repository\org\junit\jupiter\junit-jupiter-params\5.8.2\junit-jupiter-params-5.8.2.jar;C:\Users\luismichel.castillo\.m2\repository\org\junit\jupiter\junit-jupiter-engine\5.8.2\junit-jupiter-engine-5.8.2.jar;C:\Users\luismichel.castillo\.m2\repository\org\junit\platform\junit-platform-engine\1.8.2\junit-platform-engine-1.8.2.jar;"/>
    <property name="sun.cpu.endian" value="little"/>
    <property name="user.home" value="C:\Users\luismichel.castillo"/>
    <property name="user.language" value="en"/>
    <property name="java.specification.vendor" value="Oracle Corporation"/>
    <property name="java.version.date" value="2020-07-14"/>
    <property name="java.home" value="C:\Program Files\Java\jdk-14.0.2"/>
    <property name="file.separator" value="\"/>
    <property name="basedir" value="C:\Users\luismichel.castillo\Documents\Cursos\JUnit\_Proyectos\Leccion21 - Maven Surfire plugin\01-JUnit5_app"/>
    <property name="java.vm.compressedOopsMode" value="Zero based"/>
    <property name="line.separator" value="&#10;"/>
    <property name="java.vm.specification.vendor" value="Oracle Corporation"/>
    <property name="java.specification.name" value="Java Platform API Specification"/>
    <property name="surefire.real.class.path" value="C:\Users\LUISMI~1.CAS\AppData\Local\Temp\surefire17920956863908058659\surefirebooter6567140716076732033.jar"/>
    <property name="user.script" value=""/>
    <property name="sun.management.compiler" value="HotSpot 64-Bit Tiered Compilers"/>
    <property name="java.runtime.version" value="14.0.2+12-46"/>
    <property name="user.name" value="luismichel.castillo"/>
    <property name="path.separator" value=";"/>
    <property name="os.version" value="10.0"/>
    <property name="java.runtime.name" value="Java(TM) SE Runtime Environment"/>
    <property name="file.encoding" value="Cp1252"/>
    <property name="java.vm.name" value="Java HotSpot(TM) 64-Bit Server VM"/>
    <property name="localRepository" value="C:\Users\luismichel.castillo\.m2\repository"/>
    <property name="java.vendor.url.bug" value="https://bugreport.java.com/bugreport/"/>
    <property name="java.io.tmpdir" value="C:\Users\LUISMI~1.CAS\AppData\Local\Temp\"/>
    <property name="idea.version" value="2021.3.3"/>
    <property name="java.version" value="14.0.2"/>
    <property name="user.dir" value="C:\Users\luismichel.castillo\Documents\Cursos\JUnit\_Proyectos\Leccion21 - Maven Surfire plugin\01-JUnit5_app"/>
    <property name="os.arch" value="amd64"/>
    <property name="java.vm.specification.name" value="Java Virtual Machine Specification"/>
    <property name="user.language.format" value="es"/>
    <property name="sun.os.patch.level" value=""/>
    <property name="java.library.path" value="C:\Program Files\Java\jdk-14.0.2\bin;C:\windows\Sun\Java\bin;C:\windows\system32;C:\windows;C:\windows\system32;C:\windows;C:\windows\System32\Wbem;C:\windows\System32\WindowsPowerShell\v1.0\;C:\windows\System32\OpenSSH\;C:\Program Files\Java\jdk-14.0.2\bin;C:\Users\luismichel.castillo\AppData\Local\Microsoft\WindowsApps;;C:\Users\luismichel.castillo\AppData\Local\Programs\Microsoft VS Code\bin;."/>
    <property name="java.vm.info" value="mixed mode, sharing"/>
    <property name="java.vendor" value="Oracle Corporation"/>
    <property name="java.vm.version" value="14.0.2+12-46"/>
    <property name="sun.io.unicode.encoding" value="UnicodeLittle"/>
    <property name="java.class.version" value="58.0"/>
  </properties>
  <testcase name="testNombreCuentaIDTestInfoTestReporter{TestInfo, TestReporter}" classname="org.mich.junit5app.ejemplos.models.CuentaTest" time="0.023"/>
  <testcase name="pruebaTimeout2" classname="org.mich.junit5app.ejemplos.models.CuentaTest$EjemploTimeoutTest" time="4.018"/>
  <testcase name="testTimeoutAssertions" classname="org.mich.junit5app.ejemplos.models.CuentaTest$EjemploTimeoutTest" time="4.017"/>
  <testcase name="pruebaTimeout" classname="org.mich.junit5app.ejemplos.models.CuentaTest$EjemploTimeoutTest" time="4.011"/>
  <testcase name="org.mich.junit5app.ejemplos.models.CuentaTest$PruebasParametrizadasTestTag" classname="org.mich.junit5app.ejemplos.models.CuentaTest$PruebasParametrizadasTestTag" time="0">
    <skipped message="class org.mich.junit5app.ejemplos.models.CuentaTest$PruebasParametrizadasTestTag is @Disabled"/>
  </testcase>
  <testcase name="testDebitoCuentaParametrizadoStringsCSVFile2{String, String, String, String}[1]" classname="org.mich.junit5app.ejemplos.models.CuentaTest$PruebasParametrizadasTest" time="0.017">
    <failure message="expected: &lt;John&gt; but was: &lt;Andres&gt;" type="org.opentest4j.AssertionFailedError"><![CDATA[org.opentest4j.AssertionFailedError: expected: <John> but was: <Andres>
	at org.mich.junit5app.ejemplos.models.CuentaTest$PruebasParametrizadasTest.testDebitoCuentaParametrizadoStringsCSVFile2(CuentaTest.java:405)
]]></failure>
    <system-out><![CDATA[Iniciando el método de prueba.. - BeforeEach
200 -> 100
Finalizando el método de prueba... - AfterEach
]]></system-out>
  </testcase>
  <testcase name="testDebitoCuentaParametrizadoStringsCSVFile2{String, String, String, String}[2]" classname="org.mich.junit5app.ejemplos.models.CuentaTest$PruebasParametrizadasTest" time="0.001"/>
  <testcase name="testDebitoCuentaParametrizadoStringsCSVFile2{String, String, String, String}[3]" classname="org.mich.junit5app.ejemplos.models.CuentaTest$PruebasParametrizadasTest" time="0.002">
    <failure message="expected: &lt;maria&gt; but was: &lt;Maria&gt;" type="org.opentest4j.AssertionFailedError"><![CDATA[org.opentest4j.AssertionFailedError: expected: <maria> but was: <Maria>
	at org.mich.junit5app.ejemplos.models.CuentaTest$PruebasParametrizadasTest.testDebitoCuentaParametrizadoStringsCSVFile2(CuentaTest.java:405)
]]></failure>
    <system-out><![CDATA[Iniciando el método de prueba.. - BeforeEach
300 -> 300
Finalizando el método de prueba... - AfterEach
]]></system-out>
  </testcase>
  <testcase name="testDebitoCuentaParametrizadoStringsCSVFile2{String, String, String, String}[4]" classname="org.mich.junit5app.ejemplos.models.CuentaTest$PruebasParametrizadasTest" time="0.001"/>
  <testcase name="testDebitoCuentaParametrizadoStringsCSVFile2{String, String, String, String}[5]" classname="org.mich.junit5app.ejemplos.models.CuentaTest$PruebasParametrizadasTest" time="0.001">
    <failure message="expected: &lt;Lucas&gt; but was: &lt;Luca&gt;" type="org.opentest4j.AssertionFailedError"><![CDATA[org.opentest4j.AssertionFailedError: expected: <Lucas> but was: <Luca>
	at org.mich.junit5app.ejemplos.models.CuentaTest$PruebasParametrizadasTest.testDebitoCuentaParametrizadoStringsCSVFile2(CuentaTest.java:405)
]]></failure>
    <system-out><![CDATA[Iniciando el método de prueba.. - BeforeEach
750 -> 700
Finalizando el método de prueba... - AfterEach
]]></system-out>
  </testcase>
  <testcase name="testDebitoCuentaParametrizadoStringsCSVFile2{String, String, String, String}[6]" classname="org.mich.junit5app.ejemplos.models.CuentaTest$PruebasParametrizadasTest" time="0">
    <failure message="expected: &lt;true&gt; but was: &lt;false&gt;" type="org.opentest4j.AssertionFailedError"><![CDATA[org.opentest4j.AssertionFailedError: expected: <true> but was: <false>
	at org.mich.junit5app.ejemplos.models.CuentaTest$PruebasParametrizadasTest.testDebitoCuentaParametrizadoStringsCSVFile2(CuentaTest.java:406)
]]></failure>
    <system-out><![CDATA[Iniciando el método de prueba.. - BeforeEach
1000.12345 -> 1000.12345
Finalizando el método de prueba... - AfterEach
]]></system-out>
  </testcase>
  <testcase name="testDebitoCuentaParametrizadoStringsCSVFile{String}[1]" classname="org.mich.junit5app.ejemplos.models.CuentaTest$PruebasParametrizadasTest" time="0.001"/>
  <testcase name="testDebitoCuentaParametrizadoStringsCSVFile{String}[2]" classname="org.mich.junit5app.ejemplos.models.CuentaTest$PruebasParametrizadasTest" time="0"/>
  <testcase name="testDebitoCuentaParametrizadoStringsCSVFile{String}[3]" classname="org.mich.junit5app.ejemplos.models.CuentaTest$PruebasParametrizadasTest" time="0.001"/>
  <testcase name="testDebitoCuentaParametrizadoStringsCSVFile{String}[4]" classname="org.mich.junit5app.ejemplos.models.CuentaTest$PruebasParametrizadasTest" time="0.001"/>
  <testcase name="testDebitoCuentaParametrizadoStringsCSVFile{String}[5]" classname="org.mich.junit5app.ejemplos.models.CuentaTest$PruebasParametrizadasTest" time="0"/>
  <testcase name="testDebitoCuentaParametrizadoStringsCSVFile{String}[6]" classname="org.mich.junit5app.ejemplos.models.CuentaTest$PruebasParametrizadasTest" time="0.001"/>
  <testcase name="testDebitoCuentaParametrizadoStringsCSVFile{String}[7]" classname="org.mich.junit5app.ejemplos.models.CuentaTest$PruebasParametrizadasTest" time="0">
    <failure message="expected: &lt;true&gt; but was: &lt;false&gt;" type="org.opentest4j.AssertionFailedError"><![CDATA[org.opentest4j.AssertionFailedError: expected: <true> but was: <false>
	at org.mich.junit5app.ejemplos.models.CuentaTest$PruebasParametrizadasTest.testDebitoCuentaParametrizadoStringsCSVFile(CuentaTest.java:361)
]]></failure>
    <system-out><![CDATA[Iniciando el método de prueba.. - BeforeEach
Finalizando el método de prueba... - AfterEach
]]></system-out>
  </testcase>
  <testcase name="testDebitoCuentaParametrizadoInt{double}[1]" classname="org.mich.junit5app.ejemplos.models.CuentaTest$PruebasParametrizadasTest" time="0.001"/>
  <testcase name="testDebitoCuentaParametrizadoInt{double}[2]" classname="org.mich.junit5app.ejemplos.models.CuentaTest$PruebasParametrizadasTest" time="0.001"/>
  <testcase name="testDebitoCuentaParametrizadoInt{double}[3]" classname="org.mich.junit5app.ejemplos.models.CuentaTest$PruebasParametrizadasTest" time="0.001"/>
  <testcase name="testDebitoCuentaParametrizadoInt{double}[4]" classname="org.mich.junit5app.ejemplos.models.CuentaTest$PruebasParametrizadasTest" time="0.001"/>
  <testcase name="testDebitoCuentaParametrizadoInt{double}[5]" classname="org.mich.junit5app.ejemplos.models.CuentaTest$PruebasParametrizadasTest" time="0.001"/>
  <testcase name="testDebitoCuentaParametrizadoStringsCSV2{String, String, String, String}[1]" classname="org.mich.junit5app.ejemplos.models.CuentaTest$PruebasParametrizadasTest" time="0.001">
    <failure message="expected: &lt;John&gt; but was: &lt;Andres&gt;" type="org.opentest4j.AssertionFailedError"><![CDATA[org.opentest4j.AssertionFailedError: expected: <John> but was: <Andres>
	at org.mich.junit5app.ejemplos.models.CuentaTest$PruebasParametrizadasTest.testDebitoCuentaParametrizadoStringsCSV2(CuentaTest.java:388)
]]></failure>
    <system-out><![CDATA[Iniciando el método de prueba.. - BeforeEach
200 -> 100
Finalizando el método de prueba... - AfterEach
]]></system-out>
  </testcase>
  <testcase name="testDebitoCuentaParametrizadoStringsCSV2{String, String, String, String}[2]" classname="org.mich.junit5app.ejemplos.models.CuentaTest$PruebasParametrizadasTest" time="0.001"/>
  <testcase name="testDebitoCuentaParametrizadoStringsCSV2{String, String, String, String}[3]" classname="org.mich.junit5app.ejemplos.models.CuentaTest$PruebasParametrizadasTest" time="0.001">
    <failure message="expected: &lt;maria&gt; but was: &lt;Maria&gt;" type="org.opentest4j.AssertionFailedError"><![CDATA[org.opentest4j.AssertionFailedError: expected: <maria> but was: <Maria>
	at org.mich.junit5app.ejemplos.models.CuentaTest$PruebasParametrizadasTest.testDebitoCuentaParametrizadoStringsCSV2(CuentaTest.java:388)
]]></failure>
    <system-out><![CDATA[Iniciando el método de prueba.. - BeforeEach
300 -> 300
Finalizando el método de prueba... - AfterEach
]]></system-out>
  </testcase>
  <testcase name="testDebitoCuentaParametrizadoStringsCSV2{String, String, String, String}[4]" classname="org.mich.junit5app.ejemplos.models.CuentaTest$PruebasParametrizadasTest" time="0.001"/>
  <testcase name="testDebitoCuentaParametrizadoStringsCSV2{String, String, String, String}[5]" classname="org.mich.junit5app.ejemplos.models.CuentaTest$PruebasParametrizadasTest" time="0.001">
    <failure message="expected: &lt;Lucas&gt; but was: &lt;Luca&gt;" type="org.opentest4j.AssertionFailedError"><![CDATA[org.opentest4j.AssertionFailedError: expected: <Lucas> but was: <Luca>
	at org.mich.junit5app.ejemplos.models.CuentaTest$PruebasParametrizadasTest.testDebitoCuentaParametrizadoStringsCSV2(CuentaTest.java:388)
]]></failure>
    <system-out><![CDATA[Iniciando el método de prueba.. - BeforeEach
750 -> 700
Finalizando el método de prueba... - AfterEach
]]></system-out>
  </testcase>
  <testcase name="testDebitoCuentaParametrizadoStringsCSV2{String, String, String, String}[6]" classname="org.mich.junit5app.ejemplos.models.CuentaTest$PruebasParametrizadasTest" time="0.001">
    <failure message="expected: &lt;true&gt; but was: &lt;false&gt;" type="org.opentest4j.AssertionFailedError"><![CDATA[org.opentest4j.AssertionFailedError: expected: <true> but was: <false>
	at org.mich.junit5app.ejemplos.models.CuentaTest$PruebasParametrizadasTest.testDebitoCuentaParametrizadoStringsCSV2(CuentaTest.java:389)
]]></failure>
    <system-out><![CDATA[Iniciando el método de prueba.. - BeforeEach
1000.12345 -> 1000.12345
Finalizando el método de prueba... - AfterEach
]]></system-out>
  </testcase>
  <testcase name="testDebitoCuentaParametrizadoStringsCSV{String, String}[1]" classname="org.mich.junit5app.ejemplos.models.CuentaTest$PruebasParametrizadasTest" time="0.001"/>
  <testcase name="testDebitoCuentaParametrizadoStringsCSV{String, String}[2]" classname="org.mich.junit5app.ejemplos.models.CuentaTest$PruebasParametrizadasTest" time="0.001"/>
  <testcase name="testDebitoCuentaParametrizadoStringsCSV{String, String}[3]" classname="org.mich.junit5app.ejemplos.models.CuentaTest$PruebasParametrizadasTest" time="0"/>
  <testcase name="testDebitoCuentaParametrizadoStringsCSV{String, String}[4]" classname="org.mich.junit5app.ejemplos.models.CuentaTest$PruebasParametrizadasTest" time="0"/>
  <testcase name="testDebitoCuentaParametrizadoStringsCSV{String, String}[5]" classname="org.mich.junit5app.ejemplos.models.CuentaTest$PruebasParametrizadasTest" time="0">
    <failure message="expected: &lt;true&gt; but was: &lt;false&gt;" type="org.opentest4j.AssertionFailedError"><![CDATA[org.opentest4j.AssertionFailedError: expected: <true> but was: <false>
	at org.mich.junit5app.ejemplos.models.CuentaTest$PruebasParametrizadasTest.testDebitoCuentaParametrizadoStringsCSV(CuentaTest.java:351)
]]></failure>
    <system-out><![CDATA[Iniciando el método de prueba.. - BeforeEach
5 -> 1000.12345
Finalizando el método de prueba... - AfterEach
]]></system-out>
  </testcase>
  <testcase name="testDebitoCuentaParametrizadoStringsMethod{String}" classname="org.mich.junit5app.ejemplos.models.CuentaTest$PruebasParametrizadasTest" time="0">
    <skipped message="void org.mich.junit5app.ejemplos.models.CuentaTest$PruebasParametrizadasTest.testDebitoCuentaParametrizadoStringsMethod(java.lang.String) throws org.mich.junit5app.ejemplos.exceptions.DineroInsuficienteException is @Disabled"/>
  </testcase>
  <testcase name="testDebitoCuentaParametrizadoStrings{String}[1]" classname="org.mich.junit5app.ejemplos.models.CuentaTest$PruebasParametrizadasTest" time="0"/>
  <testcase name="testDebitoCuentaParametrizadoStrings{String}[2]" classname="org.mich.junit5app.ejemplos.models.CuentaTest$PruebasParametrizadasTest" time="0.001"/>
  <testcase name="testDebitoCuentaParametrizadoStrings{String}[3]" classname="org.mich.junit5app.ejemplos.models.CuentaTest$PruebasParametrizadasTest" time="0"/>
  <testcase name="testDebitoCuentaParametrizadoStrings{String}[4]" classname="org.mich.junit5app.ejemplos.models.CuentaTest$PruebasParametrizadasTest" time="0"/>
  <testcase name="testDebitoCuentaParametrizadoStrings{String}[5]" classname="org.mich.junit5app.ejemplos.models.CuentaTest$PruebasParametrizadasTest" time="0">
    <failure message="expected: &lt;true&gt; but was: &lt;false&gt;" type="org.opentest4j.AssertionFailedError"><![CDATA[org.opentest4j.AssertionFailedError: expected: <true> but was: <false>
	at org.mich.junit5app.ejemplos.models.CuentaTest$PruebasParametrizadasTest.testDebitoCuentaParametrizadoStrings(CuentaTest.java:330)
]]></failure>
    <system-out><![CDATA[Iniciando el método de prueba.. - BeforeEach
Finalizando el método de prueba... - AfterEach
]]></system-out>
  </testcase>
  <testcase name="testDebitoCuentaRepetir{RepetitionInfo}[1]" classname="org.mich.junit5app.ejemplos.models.CuentaTest$PruebasRepeatedTest" time="0.001"/>
  <testcase name="testDebitoCuentaRepetir{RepetitionInfo}[2]" classname="org.mich.junit5app.ejemplos.models.CuentaTest$PruebasRepeatedTest" time="0.001"/>
  <testcase name="testDebitoCuentaRepetir{RepetitionInfo}[3]" classname="org.mich.junit5app.ejemplos.models.CuentaTest$PruebasRepeatedTest" time="0.003"/>
  <testcase name="testDebitoCuentaRepetir{RepetitionInfo}[4]" classname="org.mich.junit5app.ejemplos.models.CuentaTest$PruebasRepeatedTest" time="0.001"/>
  <testcase name="testDebitoCuentaRepetir{RepetitionInfo}[5]" classname="org.mich.junit5app.ejemplos.models.CuentaTest$PruebasRepeatedTest" time="0"/>
  <testcase name="testEnv" classname="org.mich.junit5app.ejemplos.models.CuentaTest$VariableAmbienteTest" time="0">
    <skipped message="Environment variable [ENVIRONMENT] does not exist"/>
  </testcase>
  <testcase name="testNroProcesadores" classname="org.mich.junit5app.ejemplos.models.CuentaTest$VariableAmbienteTest" time="0.001"/>
  <testcase name="testJavaHome" classname="org.mich.junit5app.ejemplos.models.CuentaTest$VariableAmbienteTest" time="0.001"/>
  <testcase name="testEnvNoProd" classname="org.mich.junit5app.ejemplos.models.CuentaTest$VariableAmbienteTest" time="0"/>
  <testcase name="testSoloDesarrollo" classname="org.mich.junit5app.ejemplos.models.CuentaTest$VariableAmbienteTest" time="0">
    <skipped message="System property [ENV] does not exist"/>
  </testcase>
  <testcase name="imprimirVariablesAmbiente" classname="org.mich.junit5app.ejemplos.models.CuentaTest$VariableAmbienteTest" time="0.007"/>
  <testcase name="testSolo64bits" classname="org.mich.junit5app.ejemplos.models.CuentaTest$SystemPropertiesTest" time="0"/>
  <testcase name="testUsername" classname="org.mich.junit5app.ejemplos.models.CuentaTest$SystemPropertiesTest" time="0.001"/>
  <testcase name="testNo64bits" classname="org.mich.junit5app.ejemplos.models.CuentaTest$SystemPropertiesTest" time="0.001"/>
  <testcase name="testJavaVersion" classname="org.mich.junit5app.ejemplos.models.CuentaTest$SystemPropertiesTest" time="0"/>
  <testcase name="imprimirSystemProperties" classname="org.mich.junit5app.ejemplos.models.CuentaTest$SystemPropertiesTest" time="0.012"/>
  <testcase name="testSoloJDK8" classname="org.mich.junit5app.ejemplos.models.CuentaTest$JavaVersionTest" time="0">
    <skipped message="Disabled on JRE version: 14.0.2"/>
  </testcase>
  <testcase name="testSoloJDK14" classname="org.mich.junit5app.ejemplos.models.CuentaTest$JavaVersionTest" time="0.001"/>
  <testcase name="testNoJDK8" classname="org.mich.junit5app.ejemplos.models.CuentaTest$JavaVersionTest" time="0"/>
  <testcase name="testNoJDK14" classname="org.mich.junit5app.ejemplos.models.CuentaTest$JavaVersionTest" time="0">
    <skipped message="Disabled on JRE version: 14.0.2"/>
  </testcase>
  <testcase name="testNoWindows" classname="org.mich.junit5app.ejemplos.models.CuentaTest$SistemasOperativosTest" time="0">
    <skipped message="Disabled on operating system: Windows 10"/>
  </testcase>
  <testcase name="testSoloLinuxMac" classname="org.mich.junit5app.ejemplos.models.CuentaTest$SistemasOperativosTest" time="0">
    <skipped message="Disabled on operating system: Windows 10"/>
  </testcase>
  <testcase name="testSoloWindows" classname="org.mich.junit5app.ejemplos.models.CuentaTest$SistemasOperativosTest" time="0"/>
  <testcase name="testSaldoCuentaDev" classname="org.mich.junit5app.ejemplos.models.CuentaTest$OperacionesTest" time="0">
    <skipped message="Assumption failed: assumption is not true" type="org.opentest4j.TestAbortedException">org.opentest4j.TestAbortedException: Assumption failed: assumption is not true
	at org.mich.junit5app.ejemplos.models.CuentaTest$OperacionesTest.testSaldoCuentaDev(CuentaTest.java:127)
</skipped>
    <system-out><![CDATA[Iniciando el método de prueba.. - BeforeEach
Iniciando el método de prueba.. - BeforeEach
Ejecutando: Test Saldo Cuenta Dev - testSaldoCuentaDev con las etiquetas: [banco]
Finalizando el método de prueba... - AfterEach
Finalizando el método de prueba... - AfterEach
]]></system-out>
  </testcase>
  <testcase name="testSaldoCUenta" classname="org.mich.junit5app.ejemplos.models.CuentaTest$OperacionesTest" time="0.001"/>
  <testcase name="testSaldoCuentaDev2" classname="org.mich.junit5app.ejemplos.models.CuentaTest$OperacionesTest" time="0.001"/>
  <testcase name="testNombreCuenta" classname="org.mich.junit5app.ejemplos.models.CuentaTest$OperacionesTest" time="0.001"/>
</testsuite>